22:43:21.269 [main] INFO  testCases.TC_001_AccountRegistrationTest - clicked on continue..
22:43:21.367 [main] INFO  testCases.TC_001_AccountRegistrationTest - Validating expected message..
22:43:21.367 [main] DEBUG testCases.TC_001_AccountRegistrationTest - application logs end.......
22:43:21.367 [main] INFO  testCases.TC_001_AccountRegistrationTest - **** finished TC_001_AccountRegistrationTest  *****
22:43:21.714 [main] INFO  testCases.TC_001_AccountRegistrationTest - **** starting TC_001_AccountRegistrationTest  *****
22:43:21.715 [main] DEBUG testCases.TC_001_AccountRegistrationTest - application logs started......
22:43:21.717 [main] ERROR testCases.TC_001_AccountRegistrationTest - test failed..
22:43:21.717 [main] DEBUG testCases.TC_001_AccountRegistrationTest - debug logs....
22:45:57.832 [TestNG-tests-1] INFO  testCases.TC_001_AccountRegistrationTest - **** starting TC_001_AccountRegistrationTest  *****
22:45:57.833 [TestNG-tests-1] DEBUG testCases.TC_001_AccountRegistrationTest - application logs started......
22:45:58.108 [TestNG-tests-1] INFO  testCases.TC_001_AccountRegistrationTest - Clicked on MyAccount link
22:45:58.540 [TestNG-tests-2] INFO  testCases.TC_001_AccountRegistrationTest - **** starting TC_001_AccountRegistrationTest  *****
22:45:58.581 [TestNG-tests-2] DEBUG testCases.TC_001_AccountRegistrationTest - application logs started......
22:45:58.862 [TestNG-tests-2] INFO  testCases.TC_001_AccountRegistrationTest - Clicked on MyAccount link
22:45:59.290 [TestNG-tests-1] INFO  testCases.TC_001_AccountRegistrationTest - Clicked on registration link
22:45:59.290 [TestNG-tests-1] INFO  testCases.TC_001_AccountRegistrationTest - Entering customer details.. 
22:45:59.842 [TestNG-tests-2] INFO  testCases.TC_001_AccountRegistrationTest - Clicked on registration link
22:45:59.843 [TestNG-tests-2] INFO  testCases.TC_001_AccountRegistrationTest - Entering customer details.. 
22:46:01.488 [TestNG-tests-1] INFO  testCases.TC_001_AccountRegistrationTest - clicked on continue..
22:46:01.555 [TestNG-tests-1] INFO  testCases.TC_001_AccountRegistrationTest - Validating expected message..
22:46:01.556 [TestNG-tests-1] DEBUG testCases.TC_001_AccountRegistrationTest - application logs end.......
22:46:01.556 [TestNG-tests-1] INFO  testCases.TC_001_AccountRegistrationTest - **** finished TC_001_AccountRegistrationTest  *****
22:46:01.922 [TestNG-tests-2] INFO  testCases.TC_001_AccountRegistrationTest - clicked on continue..
22:46:01.962 [TestNG-tests-2] INFO  testCases.TC_001_AccountRegistrationTest - Validating expected message..
22:46:01.963 [TestNG-tests-2] DEBUG testCases.TC_001_AccountRegistrationTest - application logs end.......
22:46:01.963 [TestNG-tests-2] INFO  testCases.TC_001_AccountRegistrationTest - **** finished TC_001_AccountRegistrationTest  *****
22:57:19.685 [main] INFO  testCases.TC_001_AccountRegistrationTest - **** starting TC_001_AccountRegistrationTest  *****
22:57:19.697 [main] DEBUG testCases.TC_001_AccountRegistrationTest - application logs started......
22:57:19.950 [main] INFO  testCases.TC_001_AccountRegistrationTest - Clicked on MyAccount link
22:57:20.767 [main] INFO  testCases.TC_001_AccountRegistrationTest - Clicked on registration link
22:57:20.767 [main] INFO  testCases.TC_001_AccountRegistrationTest - Entering customer details.. 
22:57:22.366 [main] INFO  testCases.TC_001_AccountRegistrationTest - clicked on continue..
22:57:22.412 [main] INFO  testCases.TC_001_AccountRegistrationTest - Validating expected message..
22:57:22.414 [main] DEBUG testCases.TC_001_AccountRegistrationTest - application logs end.......
22:57:22.414 [main] INFO  testCases.TC_001_AccountRegistrationTest - **** finished TC_001_AccountRegistrationTest  *****
23:29:09.788 [main] DEBUG org.testng.TestNG - suiteXmlPath: "C:\Users\nirav\IdeaProjects\opencartcopy\master.xml"
23:29:10.169 [main] INFO  org.testng.internal.Utils - [Utils] MethodGroupsHelper.collectMethodsByGroup() took 0 ms.
23:29:10.173 [main] INFO  org.testng.internal.Utils - [Utils] MethodGroupsHelper.sortMethods() took 2 ms.
23:29:10.176 [main] INFO  org.testng.internal.Utils - [Utils] MethodGroupsHelper.collectMethodsByGroup() took 0 ms.
23:29:10.176 [main] INFO  org.testng.internal.Utils - [Utils] MethodGroupsHelper.sortMethods() took 0 ms.
23:29:10.177 [main] INFO  org.testng.internal.Utils - [Utils] MethodGroupsHelper.collectMethodsByGroup() took 0 ms.
23:29:10.177 [main] INFO  org.testng.internal.Utils - [Utils] MethodGroupsHelper.sortMethods() took 0 ms.
23:29:10.178 [main] INFO  org.testng.internal.Utils - [Utils] MethodGroupsHelper.collectMethodsByGroup() took 0 ms.
23:29:10.178 [main] INFO  org.testng.internal.Utils - [Utils] MethodGroupsHelper.sortMethods() took 0 ms.
23:29:10.187 [main] INFO  org.testng.internal.Utils - [Utils] MethodGroupsHelper.collectMethodsByGroup() took 6 ms.
23:29:10.202 [main] INFO  org.testng.internal.Utils - [Utils] MethodGroupsHelper.sortMethods() took 15 ms.
